<?xml version="1.0" encoding="UTF-8"?>
<testsuite xmlns:xsi="http://www.w3.org/2001/XMLSchema-instance" xsi:noNamespaceSchemaLocation="https://maven.apache.org/surefire/maven-surefire-plugin/xsd/surefire-test-report-3.0.xsd" version="3.0" name="runner.TestRunner" time="235.186" tests="10" errors="0" skipped="0" failures="0">
  <properties>
[...]
</properties>
  <testcase name="Check Deals of the Day button opens up Savings page" classname="Test Deals of the Day Functionalities" time="23.908">
    <system-out><![CDATA[
Scenario: Check Deals of the Day button opens up Savings page &amp#27;[90m# src/test/resources/Features/Deals_of_the_Day.feature:3&amp#27;[0m
15:21:44.167 [main] INFO  step_definitions.Hooks - Launch Chrome Browser
15:21:49.863 [main] INFO  step_definitions.Deals_Of_The_Day - User is on the Home Page
  &amp#27;[32mGiven &amp#27;[0m&amp#27;[32ma user on Home page for Deals of the day&amp#27;[0m              &amp#27;[90m# step_definitions.Deals_Of_The_Day.NavigateToTheHomePage()&amp#27;[0m
15:22:00.954 [main] INFO  step_definitions.Deals_Of_The_Day - User Click on Deals Of the Day
  &amp#27;[32mWhen &amp#27;[0m&amp#27;[32mUser click on Deals of the Day button&amp#27;[0m                  &amp#27;[90m# step_definitions.Deals_Of_The_Day.ClickDealsOfTheDay()&amp#27;[0m
15:22:01.161 [main] INFO  step_definitions.Deals_Of_The_Day - user Successfully Navigated to Deals of the day page
  &amp#27;[32mThen &amp#27;[0m&amp#27;[32muser is navigated to the Deals of the Day page&amp#27;[0m         &amp#27;[90m# step_definitions.Deals_Of_The_Day.NavigateToDealsOfTheDay()&amp#27;[0m
15:22:04.896 [main] INFO  step_definitions.Hooks - Close Chrome Browser
]]></system-out>
    <system-err><![CDATA[SLF4J: Failed to load class "org.slf4j.impl.StaticLoggerBinder".
SLF4J: Defaulting to no-operation (NOP) logger implementation
SLF4J: See http://www.slf4j.org/codes.html#StaticLoggerBinder for further details.
Starting ChromeDriver 95.0.4638.54 (d31a821ec901f68d0d34ccdbaea45b4c86ce543e-refs/branch-heads/4638@{#871}) on port 35017
Only local connections are allowed.
Please see https://chromedriver.chromium.org/security-considerations for suggestions on keeping ChromeDriver safe.
ChromeDriver was started successfully.
Oct 29, 2021 3:21:43 PM org.openqa.selenium.remote.ProtocolHandshake createSession
INFO: Detected dialect: W3C
]]></system-err>
  </testcase>
  <testcase name="Check Gift Cards button opens up Gift Cards page" classname="Test Gift Cards Functionalities" time="23.276">
    <system-out><![CDATA[
Scenario: Check Gift Cards button opens up Gift Cards page &amp#27;[90m# src/test/resources/Features/Gift_Zone.feature:3&amp#27;[0m
15:22:07.411 [main] INFO  step_definitions.Hooks - Launch Chrome Browser
15:22:15.203 [main] INFO  step_definitions.Gift_Zone - User is on the Home Page
  &amp#27;[32mGiven &amp#27;[0m&amp#27;[32ma user on the Home page for Gift Zone Features&amp#27;[0m     &amp#27;[90m# step_definitions.Gift_Zone.NavigateToHomePageForGiftZone()&amp#27;[0m
15:22:27.005 [main] INFO  step_definitions.Gift_Zone - User Click on Gift Zone
  &amp#27;[32mWhen &amp#27;[0m&amp#27;[32muser click on Gift Zone button&amp#27;[0m                      &amp#27;[90m# step_definitions.Gift_Zone.LookForGiftZoneButton()&amp#27;[0m
15:22:27.324 [main] INFO  step_definitions.Gift_Zone - user Successfully Navigated to Gift Ideas page
  &amp#27;[32mThen &amp#27;[0m&amp#27;[32muser is navigated to the Gift Idea page&amp#27;[0m             &amp#27;[90m# step_definitions.Gift_Zone.NavigateToGiftZonePage()&amp#27;[0m
15:22:28.190 [main] INFO  step_definitions.Hooks - Close Chrome Browser
]]></system-out>
    <system-err><![CDATA[Starting ChromeDriver 95.0.4638.54 (d31a821ec901f68d0d34ccdbaea45b4c86ce543e-refs/branch-heads/4638@{#871}) on port 36591
Only local connections are allowed.
Please see https://chromedriver.chromium.org/security-considerations for suggestions on keeping ChromeDriver safe.
ChromeDriver was started successfully.
Oct 29, 2021 3:22:07 PM org.openqa.selenium.remote.ProtocolHandshake createSession
INFO: Detected dialect: W3C
]]></system-err>
  </testcase>
  <testcase name="Check Hand Tools button opens up Hand Tools page" classname="Test Hand Tools Functionalities" time="26.459">
    <system-out><![CDATA[
Scenario: Check Hand Tools button opens up Hand Tools page &amp#27;[90m# src/test/resources/Features/Hand_Tools.feature:3&amp#27;[0m
15:22:29.665 [main] INFO  step_definitions.Hooks - Launch Chrome Browser
15:22:34.362 [main] INFO  step_definitions.Need_Help - User is on the Home Page
  &amp#27;[32mGiven &amp#27;[0m&amp#27;[32ma user on the Home page for Hand Tools&amp#27;[0m             &amp#27;[90m# step_definitions.Hand_Tools.NavigatedToTheHomePageForHandTools()&amp#27;[0m
15:22:43.276 [main] INFO  step_definitions.Need_Help - User Click on Tools Button
  &amp#27;[32mWhen &amp#27;[0m&amp#27;[32mclick on Tools Button&amp#27;[0m                               &amp#27;[90m# step_definitions.Hand_Tools.ClickOnToolsButton()&amp#27;[0m
15:22:53.419 [main] INFO  step_definitions.Need_Help - User Click on Hand Tools Button
  &amp#27;[32mAnd &amp#27;[0m&amp#27;[32mClick on Hand Tools Button&amp#27;[0m                           &amp#27;[90m# step_definitions.Hand_Tools.ClickOnHandToolsButton()&amp#27;[0m
15:22:53.479 [main] INFO  step_definitions.Need_Help - User Successfully Navigated to Hand Tools page
  &amp#27;[32mThen &amp#27;[0m&amp#27;[32muser is navigated to the Hand Tools page&amp#27;[0m            &amp#27;[90m# step_definitions.Hand_Tools.NavigatedToTheHandToolsPage()&amp#27;[0m
15:22:54.649 [main] INFO  step_definitions.Hooks - Close Chrome Browser
]]></system-out>
    <system-err><![CDATA[Starting ChromeDriver 95.0.4638.54 (d31a821ec901f68d0d34ccdbaea45b4c86ce543e-refs/branch-heads/4638@{#871}) on port 41703
Only local connections are allowed.
Please see https://chromedriver.chromium.org/security-considerations for suggestions on keeping ChromeDriver safe.
ChromeDriver was started successfully.
Oct 29, 2021 3:22:29 PM org.openqa.selenium.remote.ProtocolHandshake createSession
INFO: Detected dialect: W3C
]]></system-err>
  </testcase>
  <testcase name="Check Installation Services opens up Holiday Decorations page" classname="Test Holiday Decorations Functionalities" time="27.234">
    <system-out><![CDATA[
Scenario: Check Installation Services opens up Holiday Decorations page &amp#27;[90m# src/test/resources/Features/Holiday_Decorations.feature:3&amp#27;[0m
15:22:57.040 [main] INFO  step_definitions.Hooks - Launch Chrome Browser
15:23:03.009 [main] INFO  step_definitions.Gift_Zone - User is on the Home Page
  &amp#27;[32mGiven &amp#27;[0m&amp#27;[32ma user on the Home page for Holiday Decorations&amp#27;[0m                 &amp#27;[90m# step_definitions.Holiday_Decorations.NavigateToHomePageForHolidayDecorations()&amp#27;[0m
15:23:20.682 [main] INFO  step_definitions.Gift_Zone - User Click on Holiday Decorations
  &amp#27;[32mWhen &amp#27;[0m&amp#27;[32muser click on Holiday Decorations button&amp#27;[0m                         &amp#27;[90m# step_definitions.Holiday_Decorations.ClickOnHolidayDecorationsButton()&amp#27;[0m
15:23:20.865 [main] INFO  step_definitions.Gift_Zone - user Successfully Navigated to Holiday Decorations page
  &amp#27;[32mThen &amp#27;[0m&amp#27;[32muser is Navigated to the Holiday Decorations page&amp#27;[0m                &amp#27;[90m# step_definitions.Holiday_Decorations.NavigateToHolidayDecorationsPage()&amp#27;[0m
15:23:21.884 [main] INFO  step_definitions.Hooks - Close Chrome Browser
]]></system-out>
    <system-err><![CDATA[Starting ChromeDriver 95.0.4638.54 (d31a821ec901f68d0d34ccdbaea45b4c86ce543e-refs/branch-heads/4638@{#871}) on port 4128
Only local connections are allowed.
Please see https://chromedriver.chromium.org/security-considerations for suggestions on keeping ChromeDriver safe.
ChromeDriver was started successfully.
Oct 29, 2021 3:22:56 PM org.openqa.selenium.remote.ProtocolHandshake createSession
INFO: Detected dialect: W3C
]]></system-err>
  </testcase>
  <testcase name="Check Lowes Credit Card button opens up Lowes Credit Card page" classname="Test Lowes Credit Card Functionalities" time="24.89">
    <system-out><![CDATA[
Scenario: Check Lowes Credit Card button opens up Lowes Credit Card page &amp#27;[90m# src/test/resources/Features/Lowes_Credit_Card.feature:3&amp#27;[0m
15:23:23.359 [main] INFO  step_definitions.Hooks - Launch Chrome Browser
15:23:34.971 [main] INFO  step_definitions.Gift_Zone - User is on the Home Page
  &amp#27;[32mGiven &amp#27;[0m&amp#27;[32ma user on the Lowes Home page for Credit Card Feature&amp#27;[0m            &amp#27;[90m# step_definitions.Lowes_Credit_Card.NavigateToHomePageForCreditCardFeature()&amp#27;[0m
15:23:45.457 [main] INFO  step_definitions.Gift_Zone - User Click on Lowe's Credit Card
  &amp#27;[32mWhen &amp#27;[0m&amp#27;[32muser click on Lowes Credit Card button&amp#27;[0m                            &amp#27;[90m# step_definitions.Lowes_Credit_Card.ClickOnLowesCreditCardButton()&amp#27;[0m
15:23:45.591 [main] INFO  step_definitions.Gift_Zone - user Successfully Navigated to Lowes Credit Card page
  &amp#27;[32mThen &amp#27;[0m&amp#27;[32muser is navigated to the Lowes Credit Card page&amp#27;[0m                   &amp#27;[90m# step_definitions.Lowes_Credit_Card.NavigatedToTheLowesCreditCardPage()&amp#27;[0m
15:23:46.774 [main] INFO  step_definitions.Hooks - Close Chrome Browser
]]></system-out>
    <system-err><![CDATA[Starting ChromeDriver 95.0.4638.54 (d31a821ec901f68d0d34ccdbaea45b4c86ce543e-refs/branch-heads/4638@{#871}) on port 12073
Only local connections are allowed.
Please see https://chromedriver.chromium.org/security-considerations for suggestions on keeping ChromeDriver safe.
ChromeDriver was started successfully.
Oct 29, 2021 3:23:23 PM org.openqa.selenium.remote.ProtocolHandshake createSession
INFO: Detected dialect: W3C
]]></system-err>
  </testcase>
  <testcase name="Check Need Help button opens up Need Help page" classname="Test Need Help Functionalities" time="24.182">
    <system-out><![CDATA[
Scenario: Check Need Help button opens up Need Help page &amp#27;[90m# src/test/resources/Features/Need_Help.feature:3&amp#27;[0m
15:23:48.134 [main] INFO  step_definitions.Hooks - Launch Chrome Browser
15:23:55.182 [main] INFO  step_definitions.Need_Help - User is on the Home Page
  &amp#27;[32mGiven &amp#27;[0m&amp#27;[32ma user on the Home page for Need Help Features&amp#27;[0m   &amp#27;[90m# step_definitions.Need_Help.NavigateToHomePageForNeedHelpFeatures()&amp#27;[0m
15:24:09.662 [main] INFO  step_definitions.Need_Help - User Click on Need Help
  &amp#27;[32mWhen &amp#27;[0m&amp#27;[32muser click on Need Help button&amp#27;[0m                    &amp#27;[90m# step_definitions.Need_Help.ClickOnNeedHelpButton()&amp#27;[0m
15:24:09.696 [main] INFO  step_definitions.Need_Help - user Successfully Navigated to Need Help page
  &amp#27;[32mThen &amp#27;[0m&amp#27;[32muser is navigated to the Need Help page&amp#27;[0m           &amp#27;[90m# step_definitions.Need_Help.NavigatedToTheNeedHelpPage()&amp#27;[0m
15:24:10.957 [main] INFO  step_definitions.Hooks - Close Chrome Browser
]]></system-out>
    <system-err><![CDATA[Starting ChromeDriver 95.0.4638.54 (d31a821ec901f68d0d34ccdbaea45b4c86ce543e-refs/branch-heads/4638@{#871}) on port 37035
Only local connections are allowed.
Please see https://chromedriver.chromium.org/security-considerations for suggestions on keeping ChromeDriver safe.
ChromeDriver was started successfully.
Oct 29, 2021 3:23:47 PM org.openqa.selenium.remote.ProtocolHandshake createSession
INFO: Detected dialect: W3C
]]></system-err>
  </testcase>
  <testcase name="Check Savings button opens up Savings page" classname="Test Savings Functionalities" time="24.888">
    <system-out><![CDATA[
Scenario: Check Savings button opens up Savings page &amp#27;[90m# src/test/resources/Features/Savings.feature:3&amp#27;[0m
15:24:13.197 [main] INFO  step_definitions.Hooks - Launch Chrome Browser
15:24:18.796 [main] INFO  step_definitions.Savings - User is on the Home Page
  &amp#27;[32mGiven &amp#27;[0m&amp#27;[32ma user on the Home page for Savings&amp#27;[0m          &amp#27;[90m# step_definitions.Savings.NavigateToHomePageForSavings()&amp#27;[0m
15:24:34.889 [main] INFO  step_definitions.Savings - User Click on Savings
  &amp#27;[32mWhen &amp#27;[0m&amp#27;[32mclick on Savings button&amp#27;[0m                       &amp#27;[90m# step_definitions.Savings.ClickOnSavingsButton()&amp#27;[0m
15:24:35.004 [main] INFO  step_definitions.Savings - user Successfully Navigated to Savings page
  &amp#27;[32mThen &amp#27;[0m&amp#27;[32muser is navigated to the Savings page&amp#27;[0m         &amp#27;[90m# step_definitions.Savings.NavigatedToTheSavingsPage()&amp#27;[0m
15:24:35.845 [main] INFO  step_definitions.Hooks - Close Chrome Browser
]]></system-out>
    <system-err><![CDATA[Starting ChromeDriver 95.0.4638.54 (d31a821ec901f68d0d34ccdbaea45b4c86ce543e-refs/branch-heads/4638@{#871}) on port 21509
Only local connections are allowed.
Please see https://chromedriver.chromium.org/security-considerations for suggestions on keeping ChromeDriver safe.
ChromeDriver was started successfully.
Oct 29, 2021 3:24:13 PM org.openqa.selenium.remote.ProtocolHandshake createSession
INFO: Detected dialect: W3C
]]></system-err>
  </testcase>
  <testcase name="Check Search Box button opens up Searched Product page" classname="Test Search Box Functionalities" time="23.874">
    <system-out><![CDATA[
Scenario: Check Search Box button opens up Searched Product page &amp#27;[90m# src/test/resources/Features/Search_box.feature:3&amp#27;[0m
15:24:37.241 [main] INFO  step_definitions.Hooks - Launch Chrome Browser
15:24:43.774 [main] INFO  step_definitions.Search_box - User is on the Home Page
  &amp#27;[32mGiven &amp#27;[0m&amp#27;[32ma user on the Home page&amp#27;[0m                                  &amp#27;[90m# step_definitions.Search_box.NavigatedToHomePage()&amp#27;[0m
  &amp#27;[32mWhen &amp#27;[0m&amp#27;[32muser write product name at the search box&amp#27;[0m                 &amp#27;[90m# step_definitions.Search_box.WriteProductCodeAtTheSearchBox()&amp#27;[0m
  &amp#27;[32mAnd &amp#27;[0m&amp#27;[32muser click on search button&amp#27;[0m                                &amp#27;[90m# step_definitions.Search_box.ClickOnSearchBtn()&amp#27;[0m
15:24:57.505 [main] INFO  step_definitions.Search_box - User successfully see product on the search result
  &amp#27;[32mThen &amp#27;[0m&amp#27;[32muser is navigated to the search result page&amp#27;[0m               &amp#27;[90m# step_definitions.Search_box.NavigatedToTheSearchResultPage()&amp#27;[0m
15:24:59.721 [main] INFO  step_definitions.Hooks - Close Chrome Browser
]]></system-out>
    <system-err><![CDATA[Starting ChromeDriver 95.0.4638.54 (d31a821ec901f68d0d34ccdbaea45b4c86ce543e-refs/branch-heads/4638@{#871}) on port 16850
Only local connections are allowed.
Please see https://chromedriver.chromium.org/security-considerations for suggestions on keeping ChromeDriver safe.
ChromeDriver was started successfully.
Oct 29, 2021 3:24:37 PM org.openqa.selenium.remote.ProtocolHandshake createSession
INFO: Detected dialect: W3C
]]></system-err>
  </testcase>
  <testcase name="Check Cart Button opens up Shopping Cart page" classname="Test Shopping Functionalities" time="19.937">
    <system-out><![CDATA[
Scenario: Check Cart Button opens up Shopping Cart page &amp#27;[90m# src/test/resources/Features/Shopping_Cart.feature:3&amp#27;[0m
15:25:02.579 [main] INFO  step_definitions.Hooks - Launch Chrome Browser
15:25:09.222 [main] INFO  step_definitions.Savings - User is on the Home Page
  &amp#27;[32mGiven &amp#27;[0m&amp#27;[32ma user on the Home page for Shopping Cart&amp#27;[0m       &amp#27;[90m# step_definitions.Shopping_Cart.NavigateToHomePageForShoppingCart()&amp#27;[0m
15:25:18.739 [main] INFO  step_definitions.Savings - User Click on Cart Button
  &amp#27;[32mWhen &amp#27;[0m&amp#27;[32muser click on Cart button&amp#27;[0m                        &amp#27;[90m# step_definitions.Shopping_Cart.ClickOnCartButton()&amp#27;[0m
15:25:18.759 [main] INFO  step_definitions.Savings - user Successfully Navigated to Cart page
  &amp#27;[32mThen &amp#27;[0m&amp#27;[32muser is Navigated to the Cart page&amp#27;[0m               &amp#27;[90m# step_definitions.Shopping_Cart.user_is_navigated_to_the_cart_page()&amp#27;[0m
15:25:19.658 [main] INFO  step_definitions.Hooks - Close Chrome Browser
]]></system-out>
    <system-err><![CDATA[Starting ChromeDriver 95.0.4638.54 (d31a821ec901f68d0d34ccdbaea45b4c86ce543e-refs/branch-heads/4638@{#871}) on port 1526
Only local connections are allowed.
Please see https://chromedriver.chromium.org/security-considerations for suggestions on keeping ChromeDriver safe.
ChromeDriver was started successfully.
Oct 29, 2021 3:25:02 PM org.openqa.selenium.remote.ProtocolHandshake createSession
INFO: Detected dialect: W3C
]]></system-err>
  </testcase>
  <testcase name="Check Weekly Add button opens up Weekly Ad page" classname="Test Weekly Ad Functionalities" time="16.436">
    <system-out><![CDATA[
Scenario: Check Weekly Add button opens up Weekly Ad page &amp#27;[90m# src/test/resources/Features/Weekly_Ad.feature:3&amp#27;[0m
15:25:21.102 [main] INFO  step_definitions.Hooks - Launch Chrome Browser
15:25:25.126 [main] INFO  step_definitions.Weekly_Ad - User is on the Home Page
  &amp#27;[32mGiven &amp#27;[0m&amp#27;[32ma user on the Home page for Weekly Ad Page&amp#27;[0m        &amp#27;[90m# step_definitions.Weekly_Ad.NavigateToHomePageForWeeklyAd()&amp#27;[0m
15:25:35.085 [main] INFO  step_definitions.Weekly_Ad - User Click on Weekly Ad
  &amp#27;[32mWhen &amp#27;[0m&amp#27;[32muser click on Weekly Ad&amp#27;[0m                            &amp#27;[90m# step_definitions.Weekly_Ad.ClickOnWeeklyAd()&amp#27;[0m
15:25:35.129 [main] INFO  step_definitions.Weekly_Ad - user Successfully Navigated to Weekly Ad page
  &amp#27;[32mThen &amp#27;[0m&amp#27;[32muser is navigated to the Weekly Ad&amp#27;[0m                 &amp#27;[90m# step_definitions.Weekly_Ad.NavigatedToTheWeeklyAdPage()&amp#27;[0m
15:25:36.094 [main] INFO  step_definitions.Hooks - Close Chrome Browser
]]></system-out>
    <system-err><![CDATA[Starting ChromeDriver 95.0.4638.54 (d31a821ec901f68d0d34ccdbaea45b4c86ce543e-refs/branch-heads/4638@{#871}) on port 42063
Only local connections are allowed.
Please see https://chromedriver.chromium.org/security-considerations for suggestions on keeping ChromeDriver safe.
ChromeDriver was started successfully.
Oct 29, 2021 3:25:20 PM org.openqa.selenium.remote.ProtocolHandshake createSession
INFO: Detected dialect: W3C
]]></system-err>
  </testcase>
</testsuite>