<?xml version="1.0" encoding="UTF-8"?>
<testsuite xmlns:xsi="http://www.w3.org/2001/XMLSchema-instance" xsi:noNamespaceSchemaLocation="https://maven.apache.org/surefire/maven-surefire-plugin/xsd/surefire-test-report-3.0.xsd" version="3.0" name="runner.TestRunner" time="209.242" tests="10" errors="0" skipped="0" failures="0">
  <properties>
[...]
</properties>
  <testcase name="Check Deals of the Day button opens up Savings page" classname="Test Deals of the Day Functionalities" time="26.237">
    <system-out><![CDATA[
Scenario: Check Deals of the Day button opens up Savings page &amp#27;[90m# src/test/resources/Features/Deals_of_the_Day.feature:3&amp#27;[0m
21:48:20.097 [main] INFO  step_definitions.Hooks - Launch Chrome Browser
21:48:26.067 [main] INFO  step_definitions.Deals_Of_The_Day - User is on the Home Page
  &amp#27;[32mGiven &amp#27;[0m&amp#27;[32ma user on Home page for Deals of the day&amp#27;[0m              &amp#27;[90m# step_definitions.Deals_Of_The_Day.NavigateToTheHomePage()&amp#27;[0m
21:48:41.784 [main] INFO  step_definitions.Deals_Of_The_Day - User Click on Deals Of the Day
  &amp#27;[32mWhen &amp#27;[0m&amp#27;[32mUser click on Deals of the Day button&amp#27;[0m                  &amp#27;[90m# step_definitions.Deals_Of_The_Day.ClickDealsOfTheDay()&amp#27;[0m
21:48:41.928 [main] INFO  step_definitions.Deals_Of_The_Day - user Successfully Navigated to Deals of the day page
  &amp#27;[32mThen &amp#27;[0m&amp#27;[32muser is navigated to the Deals of the Day page&amp#27;[0m         &amp#27;[90m# step_definitions.Deals_Of_The_Day.NavigateToDealsOfTheDay()&amp#27;[0m
21:48:43.162 [main] INFO  step_definitions.Hooks - Close Chrome Browser
]]></system-out>
    <system-err><![CDATA[SLF4J: Failed to load class "org.slf4j.impl.StaticLoggerBinder".
SLF4J: Defaulting to no-operation (NOP) logger implementation
SLF4J: See http://www.slf4j.org/codes.html#StaticLoggerBinder for further details.
Starting ChromeDriver 94.0.4606.61 (418b78f5838ed0b1c69bb4e51ea0252171854915-refs/branch-heads/4606@{#1204}) on port 38628
Only local connections are allowed.
Please see https://chromedriver.chromium.org/security-considerations for suggestions on keeping ChromeDriver safe.
ChromeDriver was started successfully.
Oct 22, 2021 9:48:19 PM org.openqa.selenium.remote.ProtocolHandshake createSession
INFO: Detected dialect: W3C
]]></system-err>
  </testcase>
  <testcase name="Check Gift Cards button opens up Gift Cards page" classname="Test Gift Cards Functionalities" time="15.29">
    <system-out><![CDATA[
Scenario: Check Gift Cards button opens up Gift Cards page &amp#27;[90m# src/test/resources/Features/Gift_Zone.feature:3&amp#27;[0m
21:48:44.549 [main] INFO  step_definitions.Hooks - Launch Chrome Browser
21:48:48.687 [main] INFO  step_definitions.Gift_Zone - User is on the Home Page
  &amp#27;[32mGiven &amp#27;[0m&amp#27;[32ma user on the Home page for Gift Zone Features&amp#27;[0m     &amp#27;[90m# step_definitions.Gift_Zone.NavigateToHomePageForGiftZone()&amp#27;[0m
21:48:57.347 [main] INFO  step_definitions.Gift_Zone - User Click on Gift Zone
  &amp#27;[32mWhen &amp#27;[0m&amp#27;[32muser click on Gift Zone button&amp#27;[0m                      &amp#27;[90m# step_definitions.Gift_Zone.LookForGiftZoneButton()&amp#27;[0m
21:48:57.594 [main] INFO  step_definitions.Gift_Zone - user Successfully Navigated to Gift Ideas page
  &amp#27;[32mThen &amp#27;[0m&amp#27;[32muser is navigated to the Gift Idea page&amp#27;[0m             &amp#27;[90m# step_definitions.Gift_Zone.NavigateToGiftZonePage()&amp#27;[0m
21:48:58.469 [main] INFO  step_definitions.Hooks - Close Chrome Browser
]]></system-out>
    <system-err><![CDATA[Starting ChromeDriver 94.0.4606.61 (418b78f5838ed0b1c69bb4e51ea0252171854915-refs/branch-heads/4606@{#1204}) on port 32094
Only local connections are allowed.
Please see https://chromedriver.chromium.org/security-considerations for suggestions on keeping ChromeDriver safe.
ChromeDriver was started successfully.
Oct 22, 2021 9:48:44 PM org.openqa.selenium.remote.ProtocolHandshake createSession
INFO: Detected dialect: W3C
]]></system-err>
  </testcase>
  <testcase name="Check Hand Tools button opens up Hand Tools page" classname="Test Hand Tools Functionalities" time="33.538">
    <system-out><![CDATA[
Scenario: Check Hand Tools button opens up Hand Tools page &amp#27;[90m# src/test/resources/Features/Hand_Tools.feature:3&amp#27;[0m
21:48:59.935 [main] INFO  step_definitions.Hooks - Launch Chrome Browser
21:49:04.008 [main] INFO  step_definitions.Need_Help - User is on the Home Page
  &amp#27;[32mGiven &amp#27;[0m&amp#27;[32ma user on the Home page for Hand Tools&amp#27;[0m             &amp#27;[90m# step_definitions.Hand_Tools.NavigatedToTheHomePageForHandTools()&amp#27;[0m
21:49:16.666 [main] INFO  step_definitions.Need_Help - User Click on Tools Button
  &amp#27;[32mWhen &amp#27;[0m&amp#27;[32mclick on Tools Button&amp#27;[0m                               &amp#27;[90m# step_definitions.Hand_Tools.ClickOnToolsButton()&amp#27;[0m
21:49:30.776 [main] INFO  step_definitions.Need_Help - User Click on Hand Tools Button
  &amp#27;[32mAnd &amp#27;[0m&amp#27;[32mClick on Hand Tools Button&amp#27;[0m                           &amp#27;[90m# step_definitions.Hand_Tools.ClickOnHandToolsButton()&amp#27;[0m
21:49:30.935 [main] INFO  step_definitions.Need_Help - user Successfully Navigated to Hand Tools page
  &amp#27;[32mThen &amp#27;[0m&amp#27;[32muser is navigated to the Hand Tools page&amp#27;[0m            &amp#27;[90m# step_definitions.Hand_Tools.NavigatedToTheHandToolsPage()&amp#27;[0m
21:49:32.007 [main] INFO  step_definitions.Hooks - Close Chrome Browser
]]></system-out>
    <system-err><![CDATA[Starting ChromeDriver 94.0.4606.61 (418b78f5838ed0b1c69bb4e51ea0252171854915-refs/branch-heads/4606@{#1204}) on port 46706
Only local connections are allowed.
Please see https://chromedriver.chromium.org/security-considerations for suggestions on keeping ChromeDriver safe.
ChromeDriver was started successfully.
Oct 22, 2021 9:48:59 PM org.openqa.selenium.remote.ProtocolHandshake createSession
INFO: Detected dialect: W3C
]]></system-err>
  </testcase>
  <testcase name="Check Installation Services opens up Holiday Decorations page" classname="Test Holiday Decorations Functionalities" time="21.331">
    <system-out><![CDATA[
Scenario: Check Installation Services opens up Holiday Decorations page &amp#27;[90m# src/test/resources/Features/Holiday_Decorations.feature:3&amp#27;[0m
21:49:34.268 [main] INFO  step_definitions.Hooks - Launch Chrome Browser
21:49:39.881 [main] INFO  step_definitions.Gift_Zone - User is on the Home Page
  &amp#27;[32mGiven &amp#27;[0m&amp#27;[32ma user on the Home page for Holiday Decorations&amp#27;[0m                 &amp#27;[90m# step_definitions.Holiday_Decorations.NavigateToHomePageForHolidayDecorations()&amp#27;[0m
21:49:52.218 [main] INFO  step_definitions.Gift_Zone - User Click on Holiday Decorations
  &amp#27;[32mWhen &amp#27;[0m&amp#27;[32muser click on Holiday Decorations button&amp#27;[0m                         &amp#27;[90m# step_definitions.Holiday_Decorations.ClickOnHolidayDecorationsButton()&amp#27;[0m
21:49:52.383 [main] INFO  step_definitions.Gift_Zone - user Successfully Navigated to Holiday Decorations page
  &amp#27;[32mThen &amp#27;[0m&amp#27;[32muser is Navigated to the Holiday Decorations page&amp#27;[0m                &amp#27;[90m# step_definitions.Holiday_Decorations.NavigateToHolidayDecorationsPage()&amp#27;[0m
21:49:53.340 [main] INFO  step_definitions.Hooks - Close Chrome Browser
]]></system-out>
    <system-err><![CDATA[Starting ChromeDriver 94.0.4606.61 (418b78f5838ed0b1c69bb4e51ea0252171854915-refs/branch-heads/4606@{#1204}) on port 37999
Only local connections are allowed.
Please see https://chromedriver.chromium.org/security-considerations for suggestions on keeping ChromeDriver safe.
ChromeDriver was started successfully.
Oct 22, 2021 9:49:34 PM org.openqa.selenium.remote.ProtocolHandshake createSession
INFO: Detected dialect: W3C
]]></system-err>
  </testcase>
  <testcase name="Check Lowes Credit Card button opens up Lowes Credit Card page" classname="Test Lowes Credit Card Functionalities" time="17.146">
    <system-out><![CDATA[
Scenario: Check Lowes Credit Card button opens up Lowes Credit Card page &amp#27;[90m# src/test/resources/Features/Lowes_Credit_Card.feature:3&amp#27;[0m
21:49:54.737 [main] INFO  step_definitions.Hooks - Launch Chrome Browser
21:50:00.137 [main] INFO  step_definitions.Gift_Zone - User is on the Home Page
  &amp#27;[32mGiven &amp#27;[0m&amp#27;[32ma user on the Lowes Home page for Credit Card Feature&amp#27;[0m            &amp#27;[90m# step_definitions.Lowes_Credit_Card.NavigateToHomePageForCreditCardFeature()&amp#27;[0m
21:50:09.377 [main] INFO  step_definitions.Gift_Zone - User Click on Lowe's Credit Card
  &amp#27;[32mWhen &amp#27;[0m&amp#27;[32muser click on Lowes Credit Card button&amp#27;[0m                            &amp#27;[90m# step_definitions.Lowes_Credit_Card.ClickOnLowesCreditCardButton()&amp#27;[0m
21:50:09.541 [main] INFO  step_definitions.Gift_Zone - user Successfully Navigated to Lowes Credit Card page
  &amp#27;[32mThen &amp#27;[0m&amp#27;[32muser is navigated to the Lowes Credit Card page&amp#27;[0m                   &amp#27;[90m# step_definitions.Lowes_Credit_Card.NavigatedToTheLowesCreditCardPage()&amp#27;[0m
21:50:10.487 [main] INFO  step_definitions.Hooks - Close Chrome Browser
]]></system-out>
    <system-err><![CDATA[Starting ChromeDriver 94.0.4606.61 (418b78f5838ed0b1c69bb4e51ea0252171854915-refs/branch-heads/4606@{#1204}) on port 16676
Only local connections are allowed.
Please see https://chromedriver.chromium.org/security-considerations for suggestions on keeping ChromeDriver safe.
ChromeDriver was started successfully.
Oct 22, 2021 9:49:54 PM org.openqa.selenium.remote.ProtocolHandshake createSession
INFO: Detected dialect: W3C
]]></system-err>
  </testcase>
  <testcase name="Check Need Help button opens up Need Help page" classname="Test Need Help Functionalities" time="18.855">
    <system-out><![CDATA[
Scenario: Check Need Help button opens up Need Help page &amp#27;[90m# src/test/resources/Features/Need_Help.feature:3&amp#27;[0m
21:50:11.930 [main] INFO  step_definitions.Hooks - Launch Chrome Browser
21:50:17.392 [main] INFO  step_definitions.Need_Help - User is on the Home Page
  &amp#27;[32mGiven &amp#27;[0m&amp#27;[32ma user on the Home page for Need Help Features&amp#27;[0m   &amp#27;[90m# step_definitions.Need_Help.NavigateToHomePageForNeedHelpFeatures()&amp#27;[0m
21:50:28.188 [main] INFO  step_definitions.Need_Help - User Click on Need Help
  &amp#27;[32mWhen &amp#27;[0m&amp#27;[32muser click on Need Help button&amp#27;[0m                    &amp#27;[90m# step_definitions.Need_Help.ClickOnNeedHelpButton()&amp#27;[0m
21:50:28.229 [main] INFO  step_definitions.Need_Help - user Successfully Navigated to Need Help page
  &amp#27;[32mThen &amp#27;[0m&amp#27;[32muser is navigated to the Need Help page&amp#27;[0m           &amp#27;[90m# step_definitions.Need_Help.NavigatedToTheNeedHelpPage()&amp#27;[0m
21:50:29.342 [main] INFO  step_definitions.Hooks - Close Chrome Browser
]]></system-out>
    <system-err><![CDATA[Starting ChromeDriver 94.0.4606.61 (418b78f5838ed0b1c69bb4e51ea0252171854915-refs/branch-heads/4606@{#1204}) on port 25591
Only local connections are allowed.
Please see https://chromedriver.chromium.org/security-considerations for suggestions on keeping ChromeDriver safe.
ChromeDriver was started successfully.
Oct 22, 2021 9:50:11 PM org.openqa.selenium.remote.ProtocolHandshake createSession
INFO: Detected dialect: W3C
]]></system-err>
  </testcase>
  <testcase name="Check Savings button opens up Savings page" classname="Test Savings Functionalities" time="18.44">
    <system-out><![CDATA[
Scenario: Check Savings button opens up Savings page &amp#27;[90m# src/test/resources/Features/Savings.feature:3&amp#27;[0m
21:50:30.734 [main] INFO  step_definitions.Hooks - Launch Chrome Browser
21:50:36.807 [main] INFO  step_definitions.Savings - User is on the Home Page
  &amp#27;[32mGiven &amp#27;[0m&amp#27;[32ma user on the Home page for Savings&amp#27;[0m          &amp#27;[90m# step_definitions.Savings.NavigateToHomePageForSavings()&amp#27;[0m
21:50:46.457 [main] INFO  step_definitions.Savings - User Click on Savings
  &amp#27;[32mWhen &amp#27;[0m&amp#27;[32mclick on Savings button&amp#27;[0m                       &amp#27;[90m# step_definitions.Savings.ClickOnSavingsButton()&amp#27;[0m
21:50:46.686 [main] INFO  step_definitions.Savings - user Successfully Navigated to Savings page
  &amp#27;[32mThen &amp#27;[0m&amp#27;[32muser is navigated to the Savings page&amp#27;[0m         &amp#27;[90m# step_definitions.Savings.NavigatedToTheSavingsPage()&amp#27;[0m
21:50:47.783 [main] INFO  step_definitions.Hooks - Close Chrome Browser
]]></system-out>
    <system-err><![CDATA[Starting ChromeDriver 94.0.4606.61 (418b78f5838ed0b1c69bb4e51ea0252171854915-refs/branch-heads/4606@{#1204}) on port 36614
Only local connections are allowed.
Please see https://chromedriver.chromium.org/security-considerations for suggestions on keeping ChromeDriver safe.
ChromeDriver was started successfully.
Oct 22, 2021 9:50:30 PM org.openqa.selenium.remote.ProtocolHandshake createSession
INFO: Detected dialect: W3C
]]></system-err>
  </testcase>
  <testcase name="Check Search Box button opens up Search Box page" classname="Test Search Box Functionalities" time="26.426">
    <system-out><![CDATA[
Scenario: Check Search Box button opens up Search Box page &amp#27;[90m# src/test/resources/Features/Search_box.feature:3&amp#27;[0m
21:50:50.171 [main] INFO  step_definitions.Hooks - Launch Chrome Browser
21:50:55.900 [main] INFO  step_definitions.Search_box - User is on the Home Page
  &amp#27;[32mGiven &amp#27;[0m&amp#27;[32ma user on the Home page&amp#27;[0m                            &amp#27;[90m# step_definitions.Search_box.NavigatedToHomePage()&amp#27;[0m
  &amp#27;[32mWhen &amp#27;[0m&amp#27;[32muser write product name at the search box&amp#27;[0m           &amp#27;[90m# step_definitions.Search_box.WriteProductCodeAtTheSearchBox()&amp#27;[0m
  &amp#27;[32mAnd &amp#27;[0m&amp#27;[32muser click on search button&amp#27;[0m                          &amp#27;[90m# step_definitions.Search_box.ClickOnSearchBtn()&amp#27;[0m
21:51:13.233 [main] INFO  step_definitions.Search_box - User successfully see product on the search result
  &amp#27;[32mThen &amp#27;[0m&amp#27;[32muser is navigated to the search result page&amp#27;[0m         &amp#27;[90m# step_definitions.Search_box.NavigatedToTheSearchResultPage()&amp#27;[0m
21:51:14.209 [main] INFO  step_definitions.Hooks - Close Chrome Browser
]]></system-out>
    <system-err><![CDATA[Starting ChromeDriver 94.0.4606.61 (418b78f5838ed0b1c69bb4e51ea0252171854915-refs/branch-heads/4606@{#1204}) on port 26397
Only local connections are allowed.
Please see https://chromedriver.chromium.org/security-considerations for suggestions on keeping ChromeDriver safe.
ChromeDriver was started successfully.
Oct 22, 2021 9:50:50 PM org.openqa.selenium.remote.ProtocolHandshake createSession
INFO: Detected dialect: W3C
]]></system-err>
  </testcase>
  <testcase name="Check Cart Button opens up Shopping Cart page" classname="Test Shopping Functionalities" time="16.841">
    <system-out><![CDATA[
Scenario: Check Cart Button opens up Shopping Cart page &amp#27;[90m# src/test/resources/Features/Shopping_Cart.feature:3&amp#27;[0m
21:51:16.133 [main] INFO  step_definitions.Hooks - Launch Chrome Browser
21:51:22.387 [main] INFO  step_definitions.Savings - User is on the Home Page
  &amp#27;[32mGiven &amp#27;[0m&amp#27;[32ma user on the Home page for Shopping Cart&amp#27;[0m       &amp#27;[90m# step_definitions.Shopping_Cart.NavigateToHomePageForShoppingCart()&amp#27;[0m
21:51:30.152 [main] INFO  step_definitions.Savings - User Click on Cart Button
  &amp#27;[32mWhen &amp#27;[0m&amp#27;[32muser click on Cart button&amp#27;[0m                        &amp#27;[90m# step_definitions.Shopping_Cart.ClickOnCartButton()&amp#27;[0m
21:51:30.165 [main] INFO  step_definitions.Savings - user Successfully Navigated to Cart page
  &amp#27;[32mThen &amp#27;[0m&amp#27;[32muser is Navigated to the Cart page&amp#27;[0m               &amp#27;[90m# step_definitions.Shopping_Cart.user_is_navigated_to_the_cart_page()&amp#27;[0m
21:51:31.051 [main] INFO  step_definitions.Hooks - Close Chrome Browser
]]></system-out>
    <system-err><![CDATA[Starting ChromeDriver 94.0.4606.61 (418b78f5838ed0b1c69bb4e51ea0252171854915-refs/branch-heads/4606@{#1204}) on port 13760
Only local connections are allowed.
Please see https://chromedriver.chromium.org/security-considerations for suggestions on keeping ChromeDriver safe.
ChromeDriver was started successfully.
Oct 22, 2021 9:51:16 PM org.openqa.selenium.remote.ProtocolHandshake createSession
INFO: Detected dialect: W3C
]]></system-err>
  </testcase>
  <testcase name="Check Weekly Add button opens up Weekly Ad page" classname="Test Weekly Ad Functionalities" time="15.005">
    <system-out><![CDATA[
Scenario: Check Weekly Add button opens up Weekly Ad page &amp#27;[90m# src/test/resources/Features/Weekly_Ad.feature:3&amp#27;[0m
21:51:32.385 [main] INFO  step_definitions.Hooks - Launch Chrome Browser
21:51:37.149 [main] INFO  step_definitions.Weekly_Ad - User is on the Home Page
  &amp#27;[32mGiven &amp#27;[0m&amp#27;[32ma user on the Home page for Weekly Ad Page&amp#27;[0m        &amp#27;[90m# step_definitions.Weekly_Ad.NavigateToHomePageForWeeklyAd()&amp#27;[0m
21:51:45.006 [main] INFO  step_definitions.Weekly_Ad - User Click on Weekly Ad
  &amp#27;[32mWhen &amp#27;[0m&amp#27;[32muser click on Weekly Ad&amp#27;[0m                            &amp#27;[90m# step_definitions.Weekly_Ad.ClickOnWeeklyAd()&amp#27;[0m
21:51:45.182 [main] INFO  step_definitions.Weekly_Ad - user Successfully Navigated to Weekly Ad page
  &amp#27;[32mThen &amp#27;[0m&amp#27;[32muser is navigated to the Weekly Ad&amp#27;[0m                 &amp#27;[90m# step_definitions.Weekly_Ad.NavigatedToTheWeeklyAdPage()&amp#27;[0m
21:51:46.057 [main] INFO  step_definitions.Hooks - Close Chrome Browser
]]></system-out>
    <system-err><![CDATA[Starting ChromeDriver 94.0.4606.61 (418b78f5838ed0b1c69bb4e51ea0252171854915-refs/branch-heads/4606@{#1204}) on port 38697
Only local connections are allowed.
Please see https://chromedriver.chromium.org/security-considerations for suggestions on keeping ChromeDriver safe.
ChromeDriver was started successfully.
Oct 22, 2021 9:51:32 PM org.openqa.selenium.remote.ProtocolHandshake createSession
INFO: Detected dialect: W3C
]]></system-err>
  </testcase>
</testsuite>